<?xml version="1.0" encoding="UTF-8"?>
<!-- Generated by org.testng.reporters.JUnitReportReporter -->
<testsuite hostname="jayaselvam" failures="0" tests="1" name="org.test234.Test234" time="0.021" errors="0" timestamp="31 Jan 2024 10:41:21 GMT" skipped="0">
  <testcase classname="org.test234.Test234" name="tc1" time="0.021"/>
</testsuite> <!-- org.test234.Test234 -->
